<?xml version="1.0" encoding="UTF-8"?>
<!-- Generated by org.testng.reporters.JUnitReportReporter -->
<testsuite hostname="LP-PF1VPELT" failures="0" tests="4" name="quickstart.Tests.DemoTest" time="10.497" errors="0" timestamp="27 Apr 2021 11:14:48 GMT" skipped="0">
  <testcase classname="quickstart.Tests.DemoTest" name="GoogleSearch_Twitter" time="2.927"/>
  <testcase classname="quickstart.Tests.DemoTest" name="GoogleSearch_automationScript" time="2.347"/>
  <testcase classname="quickstart.Tests.DemoTest" name="GoogleSearch_Facebook" time="2.346"/>
  <testcase classname="quickstart.Tests.DemoTest" name="GoogleSearch_LinkedIn" time="2.877"/>
</testsuite> <!-- quickstart.Tests.DemoTest -->
